2024-06-02 22:34:33:3433 [32minfo[39m: [32mServer starting on port [39m
2024-06-02 22:34:54:3454 [32minfo[39m: [32mServer starting on port ${port}[39m
2024-06-02 22:34:59:3459 [32minfo[39m: [32mServer starting on port [39m
2024-06-02 22:35:19:3519 [32minfo[39m: [32mServer starting on port [39m
2024-06-02 22:35:23:3523 [32minfo[39m: [32mServer starting on port [39m
2024-06-02 22:35:26:3526 [32minfo[39m: [32mServer starting on port [39m
2024-06-02 22:35:27:3527 [32minfo[39m: [32mServer starting on port [39m
2024-06-02 22:35:28:3528 [32minfo[39m: [32mServer starting on port [39m
2024-06-02 22:35:30:3530 [32minfo[39m: [32mServer starting on port [39m
2024-06-02 22:35:31:3531 [32minfo[39m: [32mServer starting on port [39m
2024-06-02 22:35:33:3533 [32minfo[39m: [32mServer starting on port [39m
2024-06-02 22:35:34:3534 [32minfo[39m: [32mServer starting on port [39m
2024-06-02 22:35:36:3536 [32minfo[39m: [32mServer starting on port [39m
2024-06-02 22:35:43:3543 [32minfo[39m: [32mServer starting on port [39m
2024-06-02 22:35:43:3543 [32minfo[39m: [32mConnected to Toko backend![39m
2024-06-02 22:35:46:3546 [32minfo[39m: [32mServer starting on port [39m
2024-06-02 22:35:46:3546 [32minfo[39m: [32mConnected to User backend![39m
2024-06-02 22:35:46:3546 [32minfo[39m: [32mConnected to Toko backend![39m
2024-06-02 22:36:26:3626 [32minfo[39m: [32mServer starting on port [39m
2024-06-02 22:36:26:3626 [32minfo[39m: [32mConnected to User backend![39m
2024-06-02 22:36:26:3626 [32minfo[39m: [32mConnected to Toko backend![39m
2024-06-02 22:36:36:3636 [32minfo[39m: [32mServer starting on port [39m
2024-06-02 22:36:36:3636 [32minfo[39m: [32mConnected to Toko backend![39m
2024-06-02 22:36:36:3636 [32minfo[39m: [32mConnected to User backend![39m
2024-06-02 22:36:40:3640 [32minfo[39m: [32mServer starting on port [39m
2024-06-02 22:36:40:3640 [32minfo[39m: [32mConnected to User backend![39m
2024-06-02 22:36:40:3640 [32minfo[39m: [32mConnected to Toko backend![39m
2024-06-02 22:38:02:382 [32minfo[39m: [32mServer starting on port [39m
2024-06-02 22:38:02:382 [32minfo[39m: [32mConnected to Toko backend![39m
2024-06-02 22:38:02:382 [32minfo[39m: [32mConnected to User backend![39m
2024-06-02 22:38:38:3838 [35mhttp[39m: [35m::1 OPTIONS /user/register 204 0 - 1.183 ms[39m
[35m[39m
2024-06-02 22:38:39:3839 [35mhttp[39m: [35m::1 POST /user/register 200 220 - 475.249 ms[39m
[35m[39m
2024-06-02 22:38:53:3853 [32minfo[39m: [32mServer starting on port [39m
2024-06-02 22:38:53:3853 [32minfo[39m: [32mConnected to Toko backend![39m
2024-06-02 22:38:53:3853 [32minfo[39m: [32mConnected to User backend![39m
2024-06-02 22:39:23:3923 [32minfo[39m: [32mServer starting on port [39m
2024-06-02 22:39:23:3923 [32minfo[39m: [32mConnected to Toko backend![39m
2024-06-02 22:39:23:3923 [32minfo[39m: [32mConnected to User backend![39m
2024-06-02 22:39:29:3929 [32minfo[39m: [32mServer starting on port [39m
2024-06-02 22:39:29:3929 [32minfo[39m: [32mConnected to User backend![39m
2024-06-02 22:39:29:3929 [32minfo[39m: [32mConnected to Toko backend![39m
2024-06-02 22:39:32:3932 [32minfo[39m: [32mServer starting on port [39m
2024-06-02 22:39:32:3932 [32minfo[39m: [32mConnected to Toko backend![39m
2024-06-02 22:39:32:3932 [32minfo[39m: [32mConnected to User backend![39m
2024-06-02 22:39:35:3935 [32minfo[39m: [32mServer starting on port [39m
2024-06-02 22:39:36:3936 [32minfo[39m: [32mConnected to Toko backend![39m
2024-06-02 22:39:36:3936 [32minfo[39m: [32mConnected to User backend![39m
2024-06-02 22:39:40:3940 [32minfo[39m: [32mServer starting on port [39m
2024-06-02 22:39:40:3940 [32minfo[39m: [32mConnected to User backend![39m
2024-06-02 22:39:40:3940 [32minfo[39m: [32mConnected to Toko backend![39m
2024-06-02 22:39:50:3950 [32minfo[39m: [32mServer starting on port [39m
2024-06-02 22:39:50:3950 [32minfo[39m: [32mConnected to User backend![39m
2024-06-02 22:39:50:3950 [32minfo[39m: [32mConnected to Toko backend![39m
2024-06-02 22:39:53:3953 [32minfo[39m: [32mServer starting on port [39m
2024-06-02 22:39:54:3954 [32minfo[39m: [32mServer starting on port [39m
2024-06-02 22:39:54:3954 [32minfo[39m: [32mConnected to Toko backend![39m
2024-06-02 22:39:54:3954 [32minfo[39m: [32mConnected to User backend![39m
2024-06-02 22:40:02:402 [32minfo[39m: [32mServer starting on port [39m
2024-06-02 22:40:02:402 [32minfo[39m: [32mConnected to Toko backend![39m
2024-06-02 22:40:02:402 [32minfo[39m: [32mConnected to User backend![39m
2024-06-02 22:40:09:409 [32minfo[39m: [32mServer starting on port [39m
2024-06-02 22:40:09:409 [32minfo[39m: [32mConnected to Toko backend![39m
2024-06-02 22:40:09:409 [32minfo[39m: [32mConnected to User backend![39m
2024-06-02 22:40:10:4010 [32minfo[39m: [32mServer starting on port [39m
2024-06-02 22:40:10:4010 [32minfo[39m: [32mConnected to Toko backend![39m
2024-06-02 22:40:10:4010 [32minfo[39m: [32mConnected to User backend![39m
2024-06-02 22:40:21:4021 [35mhttp[39m: [35m::1 OPTIONS /user/register 204 0 - 1.238 ms[39m
[35m[39m
2024-06-02 22:40:21:4021 [32minfo[39m: [32mduplicate key value violates unique constraint "user_info_pkey"[39m
2024-06-02 22:40:21:4021 [35mhttp[39m: [35m::1 POST /user/register 500 332 - 279.372 ms[39m
[35m[39m
2024-06-02 22:40:31:4031 [32minfo[39m: [32mServer starting on port [39m
2024-06-02 22:40:31:4031 [35mhttp[39m: [35m::ffff:127.0.0.1 OPTIONS /user/register 204 0 - 0.714 ms[39m
[35m[39m
2024-06-02 22:40:31:4031 [32minfo[39m: [32mConnected to User backend![39m
2024-06-02 22:40:31:4031 [32minfo[39m: [32mConnected to Toko backend![39m
2024-06-02 22:40:32:4032 [31merror[39m: [31mduplicate key value violates unique constraint "user_info_pkey"[39m
2024-06-02 22:40:32:4032 [35mhttp[39m: [35m::ffff:127.0.0.1 POST /user/register 500 333 - 768.235 ms[39m
[35m[39m
2024-06-02 22:40:37:4037 [35mhttp[39m: [35m::ffff:127.0.0.1 OPTIONS /user/register 204 0 - 0.128 ms[39m
[35m[39m
2024-06-02 22:40:38:4038 [31merror[39m: [31mduplicate key value violates unique constraint "user_info_pkey"[39m
2024-06-02 22:40:38:4038 [35mhttp[39m: [35m::ffff:127.0.0.1 POST /user/register 500 333 - 279.341 ms[39m
[35m[39m
2024-06-02 22:41:00:410 [35mhttp[39m: [35m::1 OPTIONS /user/register 204 0 - 0.209 ms[39m
[35m[39m
2024-06-02 22:41:00:410 [32minfo[39m: [32mSemua field harus diisi![39m
2024-06-02 22:41:00:410 [35mhttp[39m: [35m::1 POST /user/register 201 67 - 51.314 ms[39m
[35m[39m
2024-06-02 22:41:07:417 [32minfo[39m: [32mServer starting on port [39m
2024-06-02 22:41:07:417 [32minfo[39m: [32mConnected to Toko backend![39m
2024-06-02 22:41:08:418 [32minfo[39m: [32mConnected to User backend![39m
2024-06-02 22:41:10:4110 [32minfo[39m: [32mServer starting on port [39m
2024-06-02 22:41:10:4110 [32minfo[39m: [32mConnected to User backend![39m
2024-06-02 22:41:11:4111 [32minfo[39m: [32mConnected to Toko backend![39m
2024-06-02 22:41:28:4128 [32minfo[39m: [32mServer starting on port [39m
2024-06-02 22:41:28:4128 [32minfo[39m: [32mConnected to Toko backend![39m
2024-06-02 22:41:28:4128 [32minfo[39m: [32mConnected to User backend![39m
2024-06-02 22:41:28:4128 [35mhttp[39m: [35m::1 OPTIONS /user/register 204 0 - 0.652 ms[39m
[35m[39m
2024-06-02 22:41:28:4128 [33mwarn[39m: [33mSemua field harus diisi![39m
2024-06-02 22:41:28:4128 [35mhttp[39m: [35m::1 POST /user/register 201 67 - 53.956 ms[39m
[35m[39m
2024-06-02 22:41:33:4133 [32minfo[39m: [32mServer starting on port [39m
2024-06-02 22:41:33:4133 [32minfo[39m: [32mConnected to Toko backend![39m
2024-06-02 22:41:34:4134 [32minfo[39m: [32mConnected to User backend![39m
2024-06-02 22:41:36:4136 [32minfo[39m: [32mServer starting on port [39m
2024-06-02 22:41:36:4136 [32minfo[39m: [32mConnected to User backend![39m
2024-06-02 22:41:37:4137 [32minfo[39m: [32mConnected to Toko backend![39m
2024-06-02 22:41:42:4142 [32minfo[39m: [32mServer starting on port [39m
2024-06-02 22:41:42:4142 [32minfo[39m: [32mConnected to Toko backend![39m
2024-06-02 22:41:42:4142 [32minfo[39m: [32mConnected to User backend![39m
2024-06-02 22:41:47:4147 [35mhttp[39m: [35m::1 OPTIONS /user/register 204 0 - 0.785 ms[39m
[35m[39m
2024-06-02 22:41:47:4147 [33mwarn[39m: [33mSemua field harus diisi![39m
2024-06-02 22:41:47:4147 [35mhttp[39m: [35m::1 POST /user/register 201 67 - 53.797 ms[39m
[35m[39m
2024-06-02 22:41:48:4148 [33mwarn[39m: [33mPassword harus lebih dari 8 karakter![39m
2024-06-02 22:41:48:4148 [35mhttp[39m: [35m::1 POST /user/register 201 80 - 47.457 ms[39m
[35m[39m
2024-06-02 22:41:56:4156 [32minfo[39m: [32mServer starting on port [39m
2024-06-02 22:41:56:4156 [32minfo[39m: [32mConnected to Toko backend![39m
2024-06-02 22:41:56:4156 [32minfo[39m: [32mConnected to User backend![39m
2024-06-02 22:42:23:4223 [32minfo[39m: [32mServer starting on port [39m
2024-06-02 22:42:24:4224 [32minfo[39m: [32mConnected to User backend![39m
2024-06-02 22:42:24:4224 [32minfo[39m: [32mConnected to Toko backend![39m
2024-06-02 22:42:43:4243 [32minfo[39m: [32mServer starting on port [39m
2024-06-02 22:42:43:4243 [32minfo[39m: [32mConnected to Toko backend![39m
2024-06-02 22:42:44:4244 [32minfo[39m: [32mConnected to User backend![39m
2024-06-02 22:42:48:4248 [32minfo[39m: [32mServer starting on port [39m
2024-06-02 22:42:48:4248 [32minfo[39m: [32mConnected to Toko backend![39m
2024-06-02 22:42:48:4248 [32minfo[39m: [32mConnected to User backend![39m
2024-06-02 22:43:04:434 [32minfo[39m: [32mServer starting on port [39m
2024-06-02 22:43:04:434 [32minfo[39m: [32mConnected to Toko backend![39m
2024-06-02 22:43:04:434 [32minfo[39m: [32mConnected to User backend![39m
2024-06-02 22:43:07:437 [32minfo[39m: [32mServer starting on port [39m
2024-06-02 22:43:07:437 [32minfo[39m: [32mConnected to User backend![39m
2024-06-02 22:43:07:437 [32minfo[39m: [32mConnected to Toko backend![39m
2024-06-02 22:43:08:438 [32minfo[39m: [32mServer starting on port [39m
2024-06-02 22:43:08:438 [32minfo[39m: [32mConnected to User backend![39m
2024-06-02 22:43:08:438 [32minfo[39m: [32mConnected to Toko backend![39m
2024-06-02 22:43:19:4319 [32minfo[39m: [32mServer starting on port [39m
2024-06-02 22:43:19:4319 [32minfo[39m: [32mConnected to Toko backend![39m
2024-06-02 22:43:19:4319 [32minfo[39m: [32mConnected to User backend![39m
2024-06-02 22:43:21:4321 [32minfo[39m: [32mServer starting on port [39m
2024-06-02 22:43:21:4321 [32minfo[39m: [32mConnected to User backend![39m
2024-06-02 22:43:21:4321 [32minfo[39m: [32mConnected to Toko backend![39m
2024-06-02 22:43:31:4331 [32minfo[39m: [32mServer starting on port [39m
2024-06-02 22:43:31:4331 [32minfo[39m: [32mConnected to Toko backend![39m
2024-06-02 22:43:31:4331 [32minfo[39m: [32mConnected to User backend![39m
2024-06-02 22:43:39:4339 [32minfo[39m: [32mServer starting on port [39m
2024-06-02 22:43:39:4339 [32minfo[39m: [32mConnected to Toko backend![39m
2024-06-02 22:43:39:4339 [32minfo[39m: [32mConnected to User backend![39m
2024-06-02 22:43:58:4358 [32minfo[39m: [32mServer starting on port [39m
2024-06-02 22:43:58:4358 [32minfo[39m: [32mConnected to User backend![39m
2024-06-02 22:43:58:4358 [32minfo[39m: [32mConnected to Toko backend![39m
2024-06-02 22:44:08:448 [32minfo[39m: [32mServer starting on port [39m
2024-06-02 22:44:09:449 [32minfo[39m: [32mConnected to User backend![39m
2024-06-02 22:44:09:449 [32minfo[39m: [32mConnected to Toko backend![39m
2024-06-02 22:44:17:4417 [32minfo[39m: [32mServer starting on port [39m
2024-06-02 22:44:17:4417 [32minfo[39m: [32mConnected to User backend![39m
2024-06-02 22:44:17:4417 [32minfo[39m: [32mConnected to Toko backend![39m
2024-06-02 22:44:20:4420 [32minfo[39m: [32mServer starting on port [39m
2024-06-02 22:44:20:4420 [32minfo[39m: [32mConnected to User backend![39m
2024-06-02 22:44:20:4420 [32minfo[39m: [32mConnected to Toko backend![39m
2024-06-02 22:44:34:4434 [32minfo[39m: [32mServer starting on port [39m
2024-06-02 22:44:34:4434 [32minfo[39m: [32mConnected to User backend![39m
2024-06-02 22:44:34:4434 [32minfo[39m: [32mConnected to Toko backend![39m
2024-06-02 22:44:36:4436 [32minfo[39m: [32mServer starting on port [39m
2024-06-02 22:44:36:4436 [32minfo[39m: [32mConnected to User backend![39m
2024-06-02 22:44:36:4436 [32minfo[39m: [32mConnected to Toko backend![39m
2024-06-02 22:44:39:4439 [32minfo[39m: [32mServer starting on port [39m
2024-06-02 22:44:39:4439 [32minfo[39m: [32mConnected to User backend![39m
2024-06-02 22:44:39:4439 [32minfo[39m: [32mConnected to Toko backend![39m
2024-06-02 22:44:41:4441 [32minfo[39m: [32mServer starting on port [39m
2024-06-02 22:44:41:4441 [32minfo[39m: [32mConnected to User backend![39m
2024-06-02 22:44:41:4441 [32minfo[39m: [32mConnected to Toko backend![39m
2024-06-02 22:44:46:4446 [32minfo[39m: [32mServer starting on port [39m
2024-06-02 22:44:46:4446 [32minfo[39m: [32mConnected to User backend![39m
2024-06-02 22:44:46:4446 [32minfo[39m: [32mConnected to Toko backend![39m
2024-06-02 22:44:47:4447 [32minfo[39m: [32mServer starting on port [39m
2024-06-02 22:44:47:4447 [32minfo[39m: [32mConnected to User backend![39m
2024-06-02 22:44:47:4447 [32minfo[39m: [32mConnected to Toko backend![39m
2024-06-02 22:44:51:4451 [32minfo[39m: [32mServer starting on port [39m
2024-06-02 22:44:51:4451 [32minfo[39m: [32mConnected to Toko backend![39m
2024-06-02 22:44:51:4451 [32minfo[39m: [32mConnected to User backend![39m
2024-06-02 22:44:52:4452 [32minfo[39m: [32mServer starting on port [39m
2024-06-02 22:44:53:4453 [32minfo[39m: [32mConnected to User backend![39m
2024-06-02 22:44:53:4453 [32minfo[39m: [32mConnected to Toko backend![39m
2024-06-02 22:45:03:453 [35mhttp[39m: [35m::1 OPTIONS /user/session 204 0 - 1.145 ms[39m
[35m[39m
2024-06-02 22:45:04:454 [32minfo[39m: [32mUser berhasil login[39m
2024-06-02 22:45:04:454 [35mhttp[39m: [35m::1 POST /user/session 200 207 - 293.888 ms[39m
[35m[39m
2024-06-02 22:45:11:4511 [35mhttp[39m: [35m::1 OPTIONS /user/session 204 0 - 0.123 ms[39m
[35m[39m
2024-06-02 22:45:11:4511 [33mwarn[39m: [33mUser tidak dapat ditemukan![39m
2024-06-02 22:45:11:4511 [35mhttp[39m: [35m::1 POST /user/session 201 86 - 68.198 ms[39m
[35m[39m
2024-06-02 22:45:14:4514 [33mwarn[39m: [33mUser tidak dapat ditemukan![39m
2024-06-02 22:45:14:4514 [35mhttp[39m: [35m::1 POST /user/session 201 86 - 63.798 ms[39m
[35m[39m
2024-06-02 22:45:24:4524 [32minfo[39m: [32mServer starting on port [39m
2024-06-02 22:45:24:4524 [32minfo[39m: [32mConnected to User backend![39m
2024-06-02 22:45:24:4524 [32minfo[39m: [32mConnected to Toko backend![39m
2024-06-02 22:45:52:4552 [35mhttp[39m: [35m::1 OPTIONS /user/session 204 0 - 1.182 ms[39m
[35m[39m
2024-06-02 22:45:52:4552 [33mwarn[39m: [33mThe password is incorrect[39m
2024-06-02 22:45:52:4552 [35mhttp[39m: [35m::1 POST /user/session 201 214 - 285.731 ms[39m
[35m[39m
2024-06-02 22:46:00:460 [32minfo[39m: [32mServer starting on port [39m
2024-06-02 22:46:01:461 [32minfo[39m: [32mConnected to User backend![39m
2024-06-02 22:46:01:461 [32minfo[39m: [32mConnected to Toko backend![39m
2024-06-02 22:46:08:468 [32minfo[39m: [32mServer starting on port [39m
2024-06-02 22:46:08:468 [32minfo[39m: [32mConnected to User backend![39m
2024-06-02 22:46:08:468 [32minfo[39m: [32mConnected to Toko backend![39m
2024-06-02 22:46:11:4611 [32minfo[39m: [32mServer starting on port [39m
2024-06-02 22:46:11:4611 [32minfo[39m: [32mConnected to Toko backend![39m
2024-06-02 22:46:11:4611 [32minfo[39m: [32mConnected to User backend![39m
2024-06-02 22:46:16:4616 [32minfo[39m: [32mServer starting on port [39m
2024-06-02 22:46:16:4616 [32minfo[39m: [32mConnected to User backend![39m
2024-06-02 22:46:17:4617 [32minfo[39m: [32mConnected to Toko backend![39m
2024-06-02 22:46:21:4621 [32minfo[39m: [32mServer starting on port [39m
2024-06-02 22:46:22:4622 [32minfo[39m: [32mConnected to Toko backend![39m
2024-06-02 22:46:22:4622 [32minfo[39m: [32mConnected to User backend![39m
2024-06-02 22:46:27:4627 [32minfo[39m: [32mServer starting on port [39m
2024-06-02 22:46:28:4628 [32minfo[39m: [32mConnected to User backend![39m
2024-06-02 22:46:28:4628 [32minfo[39m: [32mConnected to Toko backend![39m
2024-06-02 22:46:31:4631 [32minfo[39m: [32mServer starting on port [39m
2024-06-02 22:46:31:4631 [32minfo[39m: [32mConnected to User backend![39m
2024-06-02 22:46:31:4631 [32minfo[39m: [32mConnected to Toko backend![39m
2024-06-02 22:46:43:4643 [35mhttp[39m: [35m::1 OPTIONS /user/session 204 0 - 0.772 ms[39m
[35m[39m
2024-06-02 22:46:43:4643 [32minfo[39m: [32mUser berhasil login[39m
2024-06-02 22:46:43:4643 [35mhttp[39m: [35m::1 POST /user/session 200 207 - 263.586 ms[39m
[35m[39m
2024-06-02 22:47:06:476 [32minfo[39m: [32mServer starting on port [39m
2024-06-02 22:47:06:476 [32minfo[39m: [32mConnected to User backend![39m
2024-06-02 22:47:06:476 [32minfo[39m: [32mConnected to Toko backend![39m
2024-06-02 22:47:08:478 [32minfo[39m: [32mServer starting on port [39m
2024-06-02 22:47:09:479 [32minfo[39m: [32mConnected to User backend![39m
2024-06-02 22:47:09:479 [32minfo[39m: [32mConnected to Toko backend![39m
2024-06-02 22:47:15:4715 [32minfo[39m: [32mServer starting on port [39m
2024-06-02 22:47:15:4715 [32minfo[39m: [32mConnected to User backend![39m
2024-06-02 22:47:15:4715 [32minfo[39m: [32mConnected to Toko backend![39m
2024-06-02 22:47:17:4717 [32minfo[39m: [32mServer starting on port [39m
2024-06-02 22:47:17:4717 [32minfo[39m: [32mConnected to Toko backend![39m
2024-06-02 22:47:17:4717 [32minfo[39m: [32mConnected to User backend![39m
2024-06-02 22:47:23:4723 [32minfo[39m: [32mServer starting on port [39m
2024-06-02 22:47:23:4723 [32minfo[39m: [32mConnected to User backend![39m
2024-06-02 22:47:23:4723 [32minfo[39m: [32mConnected to Toko backend![39m
2024-06-02 22:47:31:4731 [32minfo[39m: [32mServer starting on port [39m
2024-06-02 22:47:32:4732 [32minfo[39m: [32mConnected to User backend![39m
2024-06-02 22:47:32:4732 [32minfo[39m: [32mConnected to Toko backend![39m
2024-06-02 22:47:33:4733 [32minfo[39m: [32mServer starting on port [39m
2024-06-02 22:47:33:4733 [32minfo[39m: [32mConnected to Toko backend![39m
2024-06-02 22:47:33:4733 [32minfo[39m: [32mConnected to User backend![39m
2024-06-02 22:47:39:4739 [32minfo[39m: [32mServer starting on port [39m
2024-06-02 22:47:40:4740 [32minfo[39m: [32mConnected to Toko backend![39m
2024-06-02 22:47:40:4740 [32minfo[39m: [32mConnected to User backend![39m
2024-06-02 22:47:50:4750 [32minfo[39m: [32mServer starting on port [39m
2024-06-02 22:47:50:4750 [32minfo[39m: [32mConnected to User backend![39m
2024-06-02 22:47:50:4750 [32minfo[39m: [32mConnected to Toko backend![39m
2024-06-02 22:47:51:4751 [32minfo[39m: [32mServer starting on port [39m
2024-06-02 22:47:51:4751 [32minfo[39m: [32mConnected to Toko backend![39m
2024-06-02 22:47:51:4751 [32minfo[39m: [32mConnected to User backend![39m
2024-06-02 22:47:52:4752 [32minfo[39m: [32mServer starting on port [39m
2024-06-02 22:47:52:4752 [32minfo[39m: [32mConnected to User backend![39m
2024-06-02 22:47:52:4752 [32minfo[39m: [32mConnected to Toko backend![39m
2024-06-02 22:47:53:4753 [32minfo[39m: [32mServer starting on port [39m
2024-06-02 22:47:53:4753 [32minfo[39m: [32mConnected to User backend![39m
2024-06-02 22:47:53:4753 [32minfo[39m: [32mConnected to Toko backend![39m
2024-06-02 22:48:04:484 [32minfo[39m: [32mServer starting on port [39m
2024-06-02 22:48:04:484 [32minfo[39m: [32mConnected to User backend![39m
2024-06-02 22:48:04:484 [32minfo[39m: [32mConnected to Toko backend![39m
2024-06-02 22:48:08:488 [32minfo[39m: [32mServer starting on port [39m
2024-06-02 22:48:09:489 [32minfo[39m: [32mConnected to User backend![39m
2024-06-02 22:48:09:489 [32minfo[39m: [32mConnected to Toko backend![39m
2024-06-02 22:48:11:4811 [32minfo[39m: [32mServer starting on port [39m
2024-06-02 22:48:11:4811 [32minfo[39m: [32mConnected to Toko backend![39m
2024-06-02 22:48:11:4811 [32minfo[39m: [32mConnected to User backend![39m
2024-06-02 22:48:13:4813 [32minfo[39m: [32mServer starting on port [39m
2024-06-02 22:48:14:4814 [32minfo[39m: [32mConnected to Toko backend![39m
2024-06-02 22:48:14:4814 [32minfo[39m: [32mConnected to User backend![39m
2024-06-02 22:48:19:4819 [32minfo[39m: [32mServer starting on port [39m
2024-06-02 22:48:19:4819 [32minfo[39m: [32mConnected to User backend![39m
2024-06-02 22:48:19:4819 [32minfo[39m: [32mConnected to Toko backend![39m
2024-06-02 22:48:26:4826 [32minfo[39m: [32mServer starting on port [39m
2024-06-02 22:48:26:4826 [32minfo[39m: [32mConnected to Toko backend![39m
2024-06-02 22:48:26:4826 [32minfo[39m: [32mConnected to User backend![39m
2024-06-02 22:48:28:4828 [32minfo[39m: [32mServer starting on port [39m
2024-06-02 22:48:28:4828 [32minfo[39m: [32mConnected to User backend![39m
2024-06-02 22:48:28:4828 [32minfo[39m: [32mConnected to Toko backend![39m
2024-06-02 22:48:40:4840 [32minfo[39m: [32mServer starting on port [39m
2024-06-02 22:48:40:4840 [32minfo[39m: [32mConnected to Toko backend![39m
2024-06-02 22:48:40:4840 [32minfo[39m: [32mConnected to User backend![39m
2024-06-02 22:48:42:4842 [32minfo[39m: [32mServer starting on port [39m
2024-06-02 22:48:42:4842 [32minfo[39m: [32mConnected to User backend![39m
2024-06-02 22:48:42:4842 [32minfo[39m: [32mConnected to Toko backend![39m
2024-06-02 22:48:45:4845 [32minfo[39m: [32mServer starting on port [39m
2024-06-02 22:48:45:4845 [32minfo[39m: [32mConnected to User backend![39m
2024-06-02 22:48:45:4845 [32minfo[39m: [32mConnected to Toko backend![39m
2024-06-02 22:48:46:4846 [32minfo[39m: [32mServer starting on port [39m
2024-06-02 22:48:46:4846 [32minfo[39m: [32mConnected to User backend![39m
2024-06-02 22:48:46:4846 [32minfo[39m: [32mConnected to Toko backend![39m
2024-06-02 22:48:48:4848 [32minfo[39m: [32mServer starting on port [39m
2024-06-02 22:48:48:4848 [32minfo[39m: [32mConnected to User backend![39m
2024-06-02 22:48:48:4848 [32minfo[39m: [32mConnected to Toko backend![39m
2024-06-02 22:48:55:4855 [32minfo[39m: [32mServer starting on port [39m
2024-06-02 22:48:55:4855 [32minfo[39m: [32mConnected to User backend![39m
2024-06-02 22:48:55:4855 [32minfo[39m: [32mConnected to Toko backend![39m
2024-06-02 22:49:03:493 [32minfo[39m: [32mServer starting on port [39m
2024-06-02 22:49:03:493 [32minfo[39m: [32mConnected to Toko backend![39m
2024-06-02 22:49:03:493 [32minfo[39m: [32mConnected to User backend![39m
2024-06-02 22:49:10:4910 [32minfo[39m: [32mServer starting on port [39m
2024-06-02 22:49:10:4910 [32minfo[39m: [32mConnected to Toko backend![39m
2024-06-02 22:49:10:4910 [32minfo[39m: [32mConnected to User backend![39m
2024-06-02 22:49:19:4919 [32minfo[39m: [32mServer starting on port [39m
2024-06-02 22:49:19:4919 [32minfo[39m: [32mConnected to User backend![39m
2024-06-02 22:49:19:4919 [32minfo[39m: [32mConnected to Toko backend![39m
2024-06-02 22:49:30:4930 [32minfo[39m: [32mServer starting on port [39m
2024-06-02 22:49:30:4930 [32minfo[39m: [32mConnected to User backend![39m
2024-06-02 22:49:30:4930 [32minfo[39m: [32mConnected to Toko backend![39m
2024-06-02 22:49:34:4934 [32minfo[39m: [32mServer starting on port [39m
2024-06-02 22:49:35:4935 [32minfo[39m: [32mConnected to User backend![39m
2024-06-02 22:49:35:4935 [32minfo[39m: [32mConnected to Toko backend![39m
2024-06-02 22:49:53:4953 [32minfo[39m: [32mServer starting on port [39m
2024-06-02 22:49:53:4953 [32minfo[39m: [32mConnected to Toko backend![39m
2024-06-02 22:49:53:4953 [32minfo[39m: [32mConnected to User backend![39m
2024-06-02 22:49:58:4958 [32minfo[39m: [32mServer starting on port [39m
2024-06-02 22:49:58:4958 [32minfo[39m: [32mConnected to User backend![39m
2024-06-02 22:49:58:4958 [32minfo[39m: [32mConnected to Toko backend![39m
2024-06-02 22:49:59:4959 [32minfo[39m: [32mServer starting on port [39m
2024-06-02 22:50:00:500 [32minfo[39m: [32mConnected to Toko backend![39m
2024-06-02 22:50:00:500 [32minfo[39m: [32mConnected to User backend![39m
2024-06-02 22:50:36:5036 [32minfo[39m: [32mServer starting on port [39m
2024-06-02 22:50:37:5037 [32minfo[39m: [32mConnected to Toko backend![39m
2024-06-02 22:50:37:5037 [32minfo[39m: [32mConnected to User backend![39m
2024-06-02 22:50:41:5041 [32minfo[39m: [32mServer starting on port [39m
2024-06-02 22:50:42:5042 [32minfo[39m: [32mConnected to Toko backend![39m
2024-06-02 22:50:42:5042 [32minfo[39m: [32mConnected to User backend![39m
2024-06-02 22:51:15:5115 [32minfo[39m: [32mServer starting on port [39m
2024-06-02 22:51:15:5115 [32minfo[39m: [32mConnected to Toko backend![39m
2024-06-02 22:51:15:5115 [32minfo[39m: [32mConnected to User backend![39m
2024-06-02 22:51:23:5123 [32minfo[39m: [32mServer starting on port [39m
2024-06-02 22:51:23:5123 [32minfo[39m: [32mConnected to User backend![39m
2024-06-02 22:51:23:5123 [32minfo[39m: [32mConnected to Toko backend![39m
2024-06-02 22:51:27:5127 [32minfo[39m: [32mServer starting on port [39m
2024-06-02 22:51:27:5127 [32minfo[39m: [32mConnected to Toko backend![39m
2024-06-02 22:51:27:5127 [32minfo[39m: [32mConnected to User backend![39m
2024-06-02 22:51:39:5139 [32minfo[39m: [32mServer starting on port [39m
2024-06-02 22:51:39:5139 [32minfo[39m: [32mConnected to User backend![39m
2024-06-02 22:51:39:5139 [32minfo[39m: [32mConnected to Toko backend![39m
2024-06-02 22:51:40:5140 [32minfo[39m: [32mServer starting on port [39m
2024-06-02 22:51:41:5141 [32minfo[39m: [32mConnected to Toko backend![39m
2024-06-02 22:51:41:5141 [32minfo[39m: [32mConnected to User backend![39m
2024-06-02 22:51:45:5145 [32minfo[39m: [32mServer starting on port [39m
2024-06-02 22:51:45:5145 [32minfo[39m: [32mConnected to User backend![39m
2024-06-02 22:51:45:5145 [32minfo[39m: [32mConnected to Toko backend![39m
2024-06-02 22:51:47:5147 [32minfo[39m: [32mServer starting on port [39m
2024-06-02 22:51:47:5147 [32minfo[39m: [32mConnected to User backend![39m
2024-06-02 22:51:47:5147 [32minfo[39m: [32mConnected to Toko backend![39m
2024-06-02 22:51:50:5150 [32minfo[39m: [32mServer starting on port [39m
2024-06-02 22:51:50:5150 [32minfo[39m: [32mConnected to User backend![39m
2024-06-02 22:51:50:5150 [32minfo[39m: [32mConnected to Toko backend![39m
2024-06-02 22:51:55:5155 [32minfo[39m: [32mServer starting on port [39m
2024-06-02 22:51:55:5155 [32minfo[39m: [32mConnected to Toko backend![39m
2024-06-02 22:51:55:5155 [32minfo[39m: [32mConnected to User backend![39m
2024-06-02 22:52:02:522 [32minfo[39m: [32mServer starting on port [39m
2024-06-02 22:52:03:523 [32minfo[39m: [32mConnected to Toko backend![39m
2024-06-02 22:52:03:523 [32minfo[39m: [32mConnected to User backend![39m
2024-06-02 22:52:27:5227 [32minfo[39m: [32mServer starting on port [39m
2024-06-02 22:52:27:5227 [32minfo[39m: [32mConnected to Toko backend![39m
2024-06-02 22:52:27:5227 [32minfo[39m: [32mConnected to User backend![39m
2024-06-02 22:52:32:5232 [32minfo[39m: [32mServer starting on port [39m
2024-06-02 22:52:33:5233 [32minfo[39m: [32mConnected to Toko backend![39m
2024-06-02 22:52:33:5233 [32minfo[39m: [32mConnected to User backend![39m
2024-06-02 22:52:35:5235 [32minfo[39m: [32mServer starting on port [39m
2024-06-02 22:52:35:5235 [32minfo[39m: [32mConnected to Toko backend![39m
2024-06-02 22:52:35:5235 [32minfo[39m: [32mConnected to User backend![39m
2024-06-02 22:52:44:5244 [32minfo[39m: [32mServer starting on port [39m
2024-06-02 22:52:45:5245 [32minfo[39m: [32mConnected to Toko backend![39m
2024-06-02 22:52:45:5245 [32minfo[39m: [32mConnected to User backend![39m
2024-06-02 22:52:46:5246 [32minfo[39m: [32mServer starting on port [39m
2024-06-02 22:52:46:5246 [32minfo[39m: [32mConnected to Toko backend![39m
2024-06-02 22:52:46:5246 [32minfo[39m: [32mConnected to User backend![39m
2024-06-02 22:52:50:5250 [32minfo[39m: [32mServer starting on port [39m
2024-06-02 22:52:51:5251 [32minfo[39m: [32mConnected to User backend![39m
2024-06-02 22:52:51:5251 [32minfo[39m: [32mConnected to Toko backend![39m
2024-06-02 22:52:52:5252 [32minfo[39m: [32mServer starting on port [39m
2024-06-02 22:52:53:5253 [32minfo[39m: [32mConnected to Toko backend![39m
2024-06-02 22:52:53:5253 [32minfo[39m: [32mConnected to User backend![39m
2024-06-02 22:52:59:5259 [32minfo[39m: [32mServer starting on port [39m
2024-06-02 22:52:59:5259 [32minfo[39m: [32mConnected to Toko backend![39m
2024-06-02 22:52:59:5259 [32minfo[39m: [32mConnected to User backend![39m
2024-06-02 22:53:02:532 [32minfo[39m: [32mServer starting on port [39m
2024-06-02 22:53:02:532 [32minfo[39m: [32mConnected to User backend![39m
2024-06-02 22:53:02:532 [32minfo[39m: [32mConnected to Toko backend![39m
2024-06-02 22:53:11:5311 [32minfo[39m: [32mServer starting on port [39m
2024-06-02 22:53:11:5311 [32minfo[39m: [32mConnected to Toko backend![39m
2024-06-02 22:53:11:5311 [32minfo[39m: [32mConnected to User backend![39m
2024-06-02 22:53:18:5318 [32minfo[39m: [32mServer starting on port [39m
2024-06-02 22:53:18:5318 [32minfo[39m: [32mConnected to User backend![39m
2024-06-02 22:53:18:5318 [32minfo[39m: [32mConnected to Toko backend![39m
2024-06-02 22:53:27:5327 [32minfo[39m: [32mServer starting on port [39m
2024-06-02 22:53:27:5327 [32minfo[39m: [32mConnected to Toko backend![39m
2024-06-02 22:53:27:5327 [32minfo[39m: [32mConnected to User backend![39m
2024-06-02 22:53:34:5334 [32minfo[39m: [32mServer starting on port [39m
2024-06-02 22:53:34:5334 [32minfo[39m: [32mConnected to User backend![39m
2024-06-02 22:53:34:5334 [32minfo[39m: [32mConnected to Toko backend![39m
2024-06-02 22:53:35:5335 [32minfo[39m: [32mServer starting on port [39m
2024-06-02 22:53:35:5335 [32minfo[39m: [32mConnected to User backend![39m
2024-06-02 22:53:35:5335 [32minfo[39m: [32mConnected to Toko backend![39m
2024-06-02 22:53:39:5339 [32minfo[39m: [32mServer starting on port [39m
2024-06-02 22:53:39:5339 [32minfo[39m: [32mConnected to Toko backend![39m
2024-06-02 22:53:39:5339 [32minfo[39m: [32mConnected to User backend![39m
2024-06-02 22:56:40:5640 [32minfo[39m: [32mServer starting on port [39m
2024-06-02 22:56:40:5640 [32minfo[39m: [32mConnected to User backend![39m
2024-06-02 22:56:40:5640 [32minfo[39m: [32mConnected to Toko backend![39m
2024-06-02 22:56:42:5642 [35mhttp[39m: [35m::1 GET /user/getAll 404 150 - 1.773 ms[39m
[35m[39m
2024-06-02 22:56:52:5652 [32minfo[39m: [32mServer starting on port [39m
2024-06-02 22:56:53:5653 [32minfo[39m: [32mConnected to User backend![39m
2024-06-02 22:56:53:5653 [32minfo[39m: [32mConnected to Toko backend![39m
2024-06-02 22:56:55:5655 [32minfo[39m: [32mSemua akun berhasil didapatkan![39m
2024-06-02 22:56:55:5655 [35mhttp[39m: [35m::1 GET /user/getAll 200 208 - 180.465 ms[39m
[35m[39m
2024-06-02 22:57:26:5726 [32minfo[39m: [32mInfo user berhasil diubah![39m
2024-06-02 22:57:26:5726 [35mhttp[39m: [35m::1 PUT /user/edit 200 53 - 225.930 ms[39m
[35m[39m
2024-06-02 22:57:29:5729 [32minfo[39m: [32mSemua akun berhasil didapatkan![39m
2024-06-02 22:57:29:5729 [35mhttp[39m: [35m::1 GET /user/getAll 200 174 - 27.996 ms[39m
[35m[39m
2024-06-02 22:57:46:5746 [32minfo[39m: [32mServer starting on port [39m
2024-06-02 22:57:46:5746 [32minfo[39m: [32mConnected to Toko backend![39m
2024-06-02 22:57:46:5746 [32minfo[39m: [32mConnected to User backend![39m
2024-06-02 22:57:49:5749 [32minfo[39m: [32mServer starting on port [39m
2024-06-02 22:57:50:5750 [32minfo[39m: [32mConnected to User backend![39m
2024-06-02 22:57:50:5750 [32minfo[39m: [32mConnected to Toko backend![39m
2024-06-02 22:57:56:5756 [32minfo[39m: [32mServer starting on port [39m
2024-06-02 22:57:57:5757 [32minfo[39m: [32mConnected to User backend![39m
2024-06-02 22:57:57:5757 [32minfo[39m: [32mConnected to Toko backend![39m
2024-06-02 22:58:16:5816 [32minfo[39m: [32mInfo user berhasil diubah![39m
2024-06-02 22:58:16:5816 [35mhttp[39m: [35m::1 PUT /user/edit 200 53 - 272.765 ms[39m
[35m[39m
2024-06-02 22:58:17:5817 [32minfo[39m: [32mSemua akun berhasil didapatkan![39m
2024-06-02 22:58:17:5817 [35mhttp[39m: [35m::1 GET /user/getAll 200 208 - 23.999 ms[39m
[35m[39m
2024-06-02 23:06:36:636 [32minfo[39m: [32mServer starting on port [39m
2024-06-02 23:06:37:637 [32minfo[39m: [32mConnected to User backend![39m
2024-06-02 23:06:37:637 [32minfo[39m: [32mConnected to Toko backend![39m
2024-06-02 23:07:02:72 [35mhttp[39m: [35m::1 OPTIONS /user/register 204 0 - 1.396 ms[39m
[35m[39m
2024-06-02 23:07:20:720 [32minfo[39m: [32mServer starting on port [39m
2024-06-02 23:07:20:720 [32minfo[39m: [32mConnected to User backend![39m
2024-06-02 23:07:20:720 [32minfo[39m: [32mConnected to Toko backend![39m
2024-06-02 23:07:21:721 [35mhttp[39m: [35m::1 OPTIONS /user/edit 204 0 - 0.691 ms[39m
[35m[39m
2024-06-02 23:07:21:721 [35mhttp[39m: [35m::1 POST /user/edit 404 149 - 0.742 ms[39m
[35m[39m
2024-06-02 23:07:55:755 [35mhttp[39m: [35m::1 OPTIONS /user/edit 204 0 - 0.130 ms[39m
[35m[39m
2024-06-02 23:07:55:755 [35mhttp[39m: [35m::1 POST /user/edit 404 149 - 0.252 ms[39m
[35m[39m
2024-06-02 23:08:23:823 [35mhttp[39m: [35m::1 OPTIONS /user/edit 204 0 - 0.095 ms[39m
[35m[39m
2024-06-02 23:08:23:823 [32minfo[39m: [32mInfo user berhasil diubah![39m
2024-06-02 23:08:23:823 [35mhttp[39m: [35m::1 PUT /user/edit 200 53 - 471.650 ms[39m
[35m[39m
2024-06-02 23:08:46:846 [35mhttp[39m: [35m::1 OPTIONS /user/edit 204 0 - 0.163 ms[39m
[35m[39m
2024-06-02 23:08:47:847 [32minfo[39m: [32mInfo user berhasil diubah![39m
2024-06-02 23:08:47:847 [35mhttp[39m: [35m::1 PUT /user/edit 200 53 - 269.842 ms[39m
[35m[39m
2024-06-02 23:08:55:855 [35mhttp[39m: [35m::1 OPTIONS /user/edit 204 0 - 0.244 ms[39m
[35m[39m
2024-06-02 23:08:56:856 [32minfo[39m: [32mInfo user berhasil diubah![39m
2024-06-02 23:08:56:856 [35mhttp[39m: [35m::1 PUT /user/edit 200 53 - 141.348 ms[39m
[35m[39m
2024-06-02 23:10:39:1039 [35mhttp[39m: [35m::1 OPTIONS /user/edit?namaUserOld=Chamber&namaUserNew=Tour+de+Force&emailUserNew=tour%40gmail.com&passwordUserNew=chamber123 204 0 - 0.100 ms[39m
[35m[39m
2024-06-02 23:10:57:1057 [32minfo[39m: [32mServer starting on port [39m
2024-06-02 23:10:58:1058 [32minfo[39m: [32mConnected to User backend![39m
2024-06-02 23:10:58:1058 [32minfo[39m: [32mConnected to Toko backend![39m
2024-06-02 23:10:59:1059 [35mhttp[39m: [35m::1 OPTIONS /user/edit?namaUserOld=Chamber&namaUserNew=Tour+de+Force&emailUserNew=tour%40gmail.com&passwordUserNew=chamber123 204 0 - 0.678 ms[39m
[35m[39m
2024-06-02 23:11:00:110 [32minfo[39m: [32mInfo user berhasil diubah![39m
2024-06-02 23:11:00:110 [35mhttp[39m: [35m::1 PUT /user/edit?namaUserOld=Chamber&namaUserNew=Tour+de+Force&emailUserNew=tour%40gmail.com&passwordUserNew=chamber123 200 53 - 277.424 ms[39m
[35m[39m
2024-06-02 23:11:27:1127 [35mhttp[39m: [35m::1 OPTIONS /user/edit?namaUserOld=Chamber&emailUserNew=tour%40gmail.com&passwordUserNew=chamber123 204 0 - 0.110 ms[39m
[35m[39m
2024-06-02 23:11:28:1128 [32minfo[39m: [32mInfo user berhasil diubah![39m
2024-06-02 23:11:28:1128 [35mhttp[39m: [35m::1 PUT /user/edit?namaUserOld=Chamber&emailUserNew=tour%40gmail.com&passwordUserNew=chamber123 200 53 - 275.326 ms[39m
[35m[39m
2024-06-02 23:11:35:1135 [35mhttp[39m: [35m::1 OPTIONS /user/edit 204 0 - 0.086 ms[39m
[35m[39m
